[debug] [2021-05-30T13:22:48.124Z] ----------------------------------------------------------------------
[debug] [2021-05-30T13:22:48.126Z] Command:       C:\Program Files\nodejs\node.exe C:\Users\Ali\AppData\Roaming\npm\node_modules\firebase-tools\lib\bin\firebase.js init
[debug] [2021-05-30T13:22:48.127Z] CLI Version:   9.12.0
[debug] [2021-05-30T13:22:48.127Z] Platform:      win32
[debug] [2021-05-30T13:22:48.127Z] Node Version:  v16.1.0
[debug] [2021-05-30T13:22:48.128Z] Time:          Sun May 30 2021 06:22:48 GMT-0700 (Pacific Daylight Time)
[debug] [2021-05-30T13:22:48.128Z] ----------------------------------------------------------------------
[debug] 
[debug] [2021-05-30T13:22:48.130Z] >>> [apiv2][query] GET https://firebase-public.firebaseio.com/cli.json [none]
[debug] [2021-05-30T13:22:48.152Z] > command requires scopes: ["email","openid","https://www.googleapis.com/auth/cloudplatformprojects.readonly","https://www.googleapis.com/auth/firebase","https://www.googleapis.com/auth/cloud-platform"]
[debug] [2021-05-30T13:22:48.152Z] > authorizing via signed-in user (mohandes.s360@gmail.com)
[info] 
     ######## #### ########  ######## ########     ###     ######  ########
     ##        ##  ##     ## ##       ##     ##  ##   ##  ##       ##
     ######    ##  ########  ######   ########  #########  ######  ######
     ##        ##  ##    ##  ##       ##     ## ##     ##       ## ##
     ##       #### ##     ## ######## ########  ##     ##  ######  ########

You're about to initialize a Firebase project in this directory:

  C:\Users\Ali\Downloads\Compressed\86340_Landrick-2\layouts

[info] 
=== Project Setup
[info] 
[info] First, let's associate this project directory with a Firebase project.
[info] You can create multiple project aliases by running firebase use --add, 
[info] but for now we'll just set up a default project.
[info] 
[debug] [2021-05-30T13:22:54.816Z] >>> [apiv2][query] GET https://firebase.googleapis.com/v1beta1/projects pageSize=100
[debug] [2021-05-30T13:22:55.356Z] Failed to make request: invalid json response body at https://firebase.googleapis.com/v1beta1/projects?pageSize=100 reason: Unexpected token < in JSON at position 0
[debug] [2021-05-30T13:22:55.887Z] FirebaseError: Failed to make request: invalid json response body at https://firebase.googleapis.com/v1beta1/projects?pageSize=100 reason: Unexpected token < in JSON at position 0
    at Client.request (C:\Users\Ali\AppData\Roaming\npm\node_modules\firebase-tools\lib\apiv2.js:109:19)
    at processTicksAndRejections (node:internal/process/task_queues:96:5)
    at async getProjectPage (C:\Users\Ali\AppData\Roaming\npm\node_modules\firebase-tools\lib\management\projects.js:233:17)
    at async getFirebaseProjectPage (C:\Users\Ali\AppData\Roaming\npm\node_modules\firebase-tools\lib\management\projects.js:250:23)
    at async selectProjectInteractively (C:\Users\Ali\AppData\Roaming\npm\node_modules\firebase-tools\lib\management\projects.js:95:41)
    at async Object.doSetup [as project] (C:\Users\Ali\AppData\Roaming\npm\node_modules\firebase-tools\lib\init\features\project.js:87:27)
    at async init (C:\Users\Ali\AppData\Roaming\npm\node_modules\firebase-tools\lib\init\index.js:19:9)
[error] 
[error] Error: Failed to list Firebase projects. See firebase-debug.log for more info.
